{
  "RSpec": {
    "coverage": {
      "/Users/selleo/Projects/web_app/app/models/user.rb": [
        1,
        1,
        null,
        1,
        null,
        1,
        null,
        null,
        1,
        1,
        1,
        null,
        1,
        1,
        1,
        null,
        13,
        1,
        1,
        null,
        1,
        null,
        1,
        null,
        1,
        0,
        null,
        null,
        1,
        0,
        null,
        null,
        1,
        0,
        null,
        null
      ],
      "/Users/selleo/Projects/web_app/app/models/application_record.rb": [
        1,
        1,
        null
      ],
      "/Users/selleo/Projects/web_app/app/controllers/admin/users_controller.rb": [
        1,
        1,
        null,
        1,
        2,
        1,
        0,
        null,
        1,
        null,
        null,
        1,
        3,
        3,
        2,
        null,
        null,
        1,
        1,
        1,
        0,
        null,
        null,
        1,
        2,
        2,
        2,
        2,
        2,
        null,
        1,
        0,
        0,
        null,
        1,
        null,
        null,
        null,
        1,
        2,
        1,
        0,
        null,
        1,
        null,
        null,
        1,
        0,
        0,
        0,
        0,
        0,
        null,
        0,
        null,
        null,
        0,
        null,
        null,
        1,
        3,
        2,
        0,
        0,
        0,
        null,
        1,
        null,
        null,
        1,
        0,
        0,
        0,
        0,
        null,
        null,
        null,
        null,
        null,
        1,
        2,
        1,
        0,
        0,
        0,
        null,
        1,
        null,
        null,
        1,
        null,
        1,
        2,
        2,
        2,
        null,
        null,
        2,
        null,
        null,
        null,
        null,
        null,
        1,
        4,
        null,
        null,
        1,
        3,
        3,
        null,
        null,
        1,
        1,
        null,
        null
      ],
      "/Users/selleo/Projects/web_app/app/controllers/application_controller.rb": [
        1,
        1,
        1,
        null,
        1,
        null,
        1,
        null,
        1,
        8,
        null,
        null,
        1,
        12,
        null,
        null
      ],
      "/Users/selleo/Projects/web_app/app/helpers/application_helper.rb": [
        1,
        null
      ],
      "/Users/selleo/Projects/web_app/app/models/organization.rb": [
        1,
        1,
        1,
        1,
        null,
        1,
        1,
        null
      ],
      "/Users/selleo/Projects/web_app/app/policies/user_policy.rb": [
        1,
        1,
        1,
        null,
        null,
        1,
        3,
        null,
        null,
        1,
        1,
        null,
        null,
        1,
        2,
        null,
        null,
        1,
        1,
        null,
        null,
        1,
        0,
        null,
        null,
        1,
        2,
        null,
        null,
        1,
        1,
        null,
        null
      ],
      "/Users/selleo/Projects/web_app/app/policies/application_policy.rb": [
        1,
        1,
        null,
        1,
        11,
        11,
        null,
        null,
        1,
        0,
        null,
        null,
        1,
        0,
        null,
        null,
        1,
        0,
        null,
        null,
        1,
        0,
        null,
        null,
        1,
        0,
        null,
        null,
        1,
        0,
        null,
        null,
        1,
        0,
        null,
        null,
        1,
        0,
        null,
        null,
        1,
        1,
        null,
        1,
        0,
        0,
        null,
        null,
        1,
        0,
        null,
        null,
        null
      ],
      "/Users/selleo/Projects/web_app/app/models/users_interest.rb": [
        1,
        1,
        1,
        null
      ],
      "/Users/selleo/Projects/web_app/app/models/interest.rb": [
        1,
        1,
        1,
        1,
        1,
        null,
        1,
        null,
        1,
        1,
        1,
        null,
        1,
        null,
        1,
        0,
        null,
        0,
        null,
        null
      ],
      "/Users/selleo/Projects/web_app/app/mailers/lannister_mailer.rb": [
        1,
        1,
        null,
        1,
        0,
        0,
        null,
        null
      ],
      "/Users/selleo/Projects/web_app/app/mailers/application_mailer.rb": [
        1,
        1,
        1,
        null
      ],
      "/Users/selleo/Projects/web_app/app/channels/application_cable/channel.rb": [
        0,
        0,
        0,
        0
      ],
      "/Users/selleo/Projects/web_app/app/channels/application_cable/connection.rb": [
        0,
        0,
        0,
        0
      ],
      "/Users/selleo/Projects/web_app/app/controllers/admin/categories_controller.rb": [
        0,
        0,
        0,
        0,
        0,
        0,
        0,
        0,
        0,
        0,
        0,
        0,
        0,
        0,
        0,
        0,
        0,
        0,
        0,
        0,
        0,
        0,
        0,
        0,
        0,
        0,
        0,
        0,
        0,
        0,
        0,
        0,
        0,
        0,
        0,
        0,
        0,
        0,
        0,
        0,
        0,
        0,
        0,
        0,
        0,
        0,
        0,
        0,
        0,
        0,
        0,
        0,
        0,
        0,
        0,
        0,
        0,
        0,
        0,
        0,
        0,
        0,
        0,
        0,
        0,
        0,
        0,
        0,
        0,
        0
      ],
      "/Users/selleo/Projects/web_app/app/controllers/admin/interests_controller.rb": [
        0,
        0,
        0,
        0,
        0,
        0,
        0,
        0,
        0,
        0,
        0,
        0,
        0,
        0,
        0,
        0,
        0,
        0,
        0,
        0,
        0,
        0,
        0,
        0,
        0,
        0,
        0,
        0,
        0,
        0,
        0,
        0,
        0,
        0,
        0,
        0,
        0,
        0,
        0,
        0,
        0,
        0,
        0,
        0,
        0,
        0,
        0,
        0,
        0,
        0,
        0,
        0,
        0,
        0,
        0,
        0,
        0,
        0,
        0,
        0,
        0,
        0,
        0,
        0,
        0,
        0,
        0,
        0,
        0,
        0
      ],
      "/Users/selleo/Projects/web_app/app/controllers/profiles_controller.rb": [
        0,
        0,
        0,
        0,
        0,
        0,
        0,
        0,
        0,
        0,
        0,
        0,
        0,
        0,
        0,
        0,
        0,
        0,
        0,
        0,
        0,
        0,
        0,
        0,
        0
      ],
      "/Users/selleo/Projects/web_app/app/controllers/users/registrations_controller.rb": [
        0,
        0,
        0,
        0,
        0,
        0,
        0,
        0,
        0
      ],
      "/Users/selleo/Projects/web_app/app/jobs/application_job.rb": [
        0,
        0
      ],
      "/Users/selleo/Projects/web_app/app/models/category.rb": [
        0,
        0,
        0,
        0,
        0,
        0,
        0,
        0,
        0
      ],
      "/Users/selleo/Projects/web_app/app/policies/category_policy.rb": [
        0,
        0,
        0,
        0,
        0,
        0,
        0,
        0,
        0,
        0,
        0,
        0,
        0,
        0,
        0,
        0,
        0,
        0,
        0,
        0,
        0,
        0,
        0,
        0,
        0,
        0,
        0,
        0,
        0
      ],
      "/Users/selleo/Projects/web_app/app/policies/interest_policy.rb": [
        0,
        0,
        0,
        0,
        0,
        0,
        0,
        0,
        0,
        0,
        0,
        0,
        0,
        0,
        0,
        0,
        0,
        0,
        0,
        0,
        0,
        0,
        0,
        0,
        0,
        0,
        0,
        0,
        0
      ],
      "/Users/selleo/Projects/web_app/app/services/export_users_as_csv.rb": [
        0,
        0,
        0,
        0,
        0
      ],
      "/Users/selleo/Projects/web_app/app/services/send_email.rb": [
        0,
        0,
        0,
        0,
        0
      ]
    },
    "timestamp": 1502449932
  }
}
